<?xml version="1.0" encoding="UTF-8"?>
<!-- Generated by org.testng.reporters.JUnitReportReporter -->
<testsuite hostname="karol-pc" name="pageobjects.Tests" tests="1" failures="0" timestamp="1 Nov 2017 10:38:25 GMT" time="11.727" errors="0">
  <testcase name="login" time="11.727" classname="pageobjects.Tests"/>
</testsuite> <!-- pageobjects.Tests -->
