<?xml version="1.0" encoding="UTF-8"?>
<!-- Generated by org.testng.reporters.JUnitReportReporter -->
<testsuite hostname="Ewelina-PC" name="MenuTest" tests="1" failures="0" timestamp="2 Apr 2017 20:25:25 GMT" time="17.126" errors="0">
  <testcase name="shouldOpenKnowledgeBasePage" time="17.126" classname="MenuTest"/>
</testsuite> <!-- MenuTest -->
